proguard/seeds.txt
com.loftcat.weibo.bean.Account
com.loftcat.weibo.bean.Account: int _id
com.loftcat.weibo.bean.Account: java.lang.String userInfo
com.loftcat.weibo.bean.Account: java.lang.String id
com.loftcat.weibo.bean.Account: java.lang.String token
com.loftcat.weibo.bean.Account: java.lang.String expires_in
com.loftcat.weibo.bean.Account: java.lang.String name
com.loftcat.weibo.bean.Account: int get_id()
com.loftcat.weibo.bean.Account: void set_id(int)
com.loftcat.weibo.bean.Account: Account(java.lang.String,java.lang.String,java.lang.String,java.lang.String,java.lang.String,java.lang.String)
com.loftcat.weibo.bean.Account: Account()
com.loftcat.weibo.bean.Account: java.lang.String getId()
com.loftcat.weibo.bean.Account: void setId(java.lang.String)
com.loftcat.weibo.bean.Account: java.lang.String getToken()
com.loftcat.weibo.bean.Account: void setToken(java.lang.String)
com.loftcat.weibo.bean.Account: java.lang.String getExpires_in()
com.loftcat.weibo.bean.Account: void setExpires_in(java.lang.String)
com.loftcat.weibo.bean.Account: java.lang.String getUserInfo()
com.loftcat.weibo.bean.Account: void setUserInfo(java.lang.String)
com.loftcat.weibo.bean.Account: java.lang.String getName()
com.loftcat.weibo.bean.Account: void setName(java.lang.String)
com.loftcat.weibo.bean.BackgroundVo
com.loftcat.weibo.bean.BackgroundVo: int smallImage
com.loftcat.weibo.bean.BackgroundVo: int largeImage
com.loftcat.weibo.bean.BackgroundVo: BackgroundVo(int,int)
com.loftcat.weibo.bean.BackgroundVo: int getSmallImage()
com.loftcat.weibo.bean.BackgroundVo: int getLargeImage()
com.loftcat.weibo.bean.CommentVo
com.loftcat.weibo.bean.CommentVo: long serialVersionUID
com.loftcat.weibo.bean.CommentVo: java.lang.String created_at
com.loftcat.weibo.bean.CommentVo: long id
com.loftcat.weibo.bean.CommentVo: java.lang.String text
com.loftcat.weibo.bean.CommentVo: java.lang.String source
com.loftcat.weibo.bean.CommentVo: com.loftcat.weibo.bean.UserVO user
com.loftcat.weibo.bean.CommentVo: java.lang.String mid
com.loftcat.weibo.bean.CommentVo: java.lang.String idstr
com.loftcat.weibo.bean.CommentVo: com.loftcat.weibo.bean.StatusVo status
com.loftcat.weibo.bean.CommentVo: com.loftcat.weibo.bean.CommentVo reply_comment
com.loftcat.weibo.bean.CommentVo: CommentVo()
com.loftcat.weibo.bean.CommentVo: java.lang.String getCreated_at()
com.loftcat.weibo.bean.CommentVo: void setCreated_at(java.lang.String)
com.loftcat.weibo.bean.CommentVo: long getId()
com.loftcat.weibo.bean.CommentVo: void setId(long)
com.loftcat.weibo.bean.CommentVo: java.lang.String getText()
com.loftcat.weibo.bean.CommentVo: void setText(java.lang.String)
com.loftcat.weibo.bean.CommentVo: java.lang.String getSource()
com.loftcat.weibo.bean.CommentVo: void setSource(java.lang.String)
com.loftcat.weibo.bean.CommentVo: com.loftcat.weibo.bean.UserVO getUser()
com.loftcat.weibo.bean.CommentVo: void setUser(com.loftcat.weibo.bean.UserVO)
com.loftcat.weibo.bean.CommentVo: java.lang.String getMid()
com.loftcat.weibo.bean.CommentVo: void setMid(java.lang.String)