proguard/mapping.txt
com.samsung.sdraw.AbstractSettingView$29 -> com.samsung.sdraw.y:
    com.samsung.sdraw.AbstractSettingView a -> a
    void onStopTrackingTouch(android.widget.SeekBar) -> onStopTrackingTouch
    void onStartTrackingTouch(android.widget.SeekBar) -> onStartTrackingTouch
    void onProgressChanged(android.widget.SeekBar,int,boolean) -> onProgressChanged
com.samsung.sdraw.AbstractSettingView$3 -> com.samsung.sdraw.z:
    com.samsung.sdraw.AbstractSettingView a -> a
    void a(int,int) -> a
com.samsung.sdraw.AbstractSettingView$30 -> com.samsung.sdraw.aa:
    com.samsung.sdraw.AbstractSettingView a -> a
    void onStopTrackingTouch(android.widget.SeekBar) -> onStopTrackingTouch
    void onStartTrackingTouch(android.widget.SeekBar) -> onStartTrackingTouch
    void onProgressChanged(android.widget.SeekBar,int,boolean) -> onProgressChanged
com.samsung.sdraw.AbstractSettingView$31 -> com.samsung.sdraw.ab:
    com.samsung.sdraw.AbstractSettingView a -> a
    void onItemSelected(android.widget.AdapterView,android.view.View,int,long) -> onItemSelected
    void onNothingSelected(android.widget.AdapterView) -> onNothingSelected
com.samsung.sdraw.AbstractSettingView$32 -> com.samsung.sdraw.ac:
    com.samsung.sdraw.AbstractSettingView a -> a
    void a(int,int,int) -> a
com.samsung.sdraw.AbstractSettingView$4 -> com.samsung.sdraw.ad:
    com.samsung.sdraw.AbstractSettingView a -> a
    void a(int,int) -> a
com.samsung.sdraw.AbstractSettingView$5 -> com.samsung.sdraw.ae:
    com.samsung.sdraw.AbstractSettingView a -> a
    void a(int,int,int) -> a
com.samsung.sdraw.AbstractSettingView$6 -> com.samsung.sdraw.af:
    com.samsung.sdraw.AbstractSettingView a -> a
    void a(int,int) -> a
com.samsung.sdraw.AbstractSettingView$7 -> com.samsung.sdraw.ag:
    com.samsung.sdraw.AbstractSettingView a -> a
    void onClick(android.view.View) -> onClick
com.samsung.sdraw.AbstractSettingView$8 -> com.samsung.sdraw.ah:
    com.samsung.sdraw.AbstractSettingView a -> a
    void onClick(android.view.View) -> onClick
com.samsung.sdraw.AbstractSettingView$9 -> com.samsung.sdraw.ai:
    com.samsung.sdraw.AbstractSettingView a -> a
    void onClick(android.view.View) -> onClick
com.samsung.sdraw.AbstractSettingView$OnSettingChangedListener -> com.samsung.sdraw.aj:
    void onClearAll(boolean) -> a
    void onPenTypeChanged(int) -> a
    void onPenColorChanged(int) -> b
    void onPenWidthChanged(int) -> c
    void onPenAlphaChanged$13462e() -> a
    void onEraserWidthChanged(int) -> d
    void onTextTypeChanged(int) -> e
    void onTextColorChanged(int) -> f
    void onTextSizeChanged(int) -> g
    void onTextFontChanged(java.lang.String) -> a
    void onTextAlignmentChanged(android.text.Layout$Alignment) -> a
    void onFillingColorChanged(int) -> h
com.samsung.sdraw.AbstractSettingView$SettingChangeListener -> com.samsung.sdraw.ak:
com.samsung.sdraw.AbstractSettingView$a -> com.samsung.sdraw.al:
    void a(boolean) -> a
    void b(boolean) -> b
    void c(boolean) -> c
    void d(boolean) -> d
com.samsung.sdraw.AbstractSprite -> com.samsung.sdraw.am:
    boolean a -> a
    android.graphics.RectF b -> b
    boolean c -> c
    com.samsung.sdraw.x d -> e
    com.samsung.sdraw.l e -> f
    com.samsung.sdraw.av f -> g
    int objectID -> d
    int g -> h
    void dispose() -> a
    void deselect() -> b
    boolean isSelected() -> c
    void select() -> d
    void resizeTo(android.graphics.RectF) -> a
    void resizeTo(com.samsung.sdraw.PointF[]) -> a
    void rotateTo(float) -> a
    void moveTo(float,float) -> a
    boolean isHitted(android.graphics.RectF) -> b
    void setVisible(boolean) -> a
    boolean isVisible() -> e
    android.graphics.RectF getBounds() -> f
    void setBehavior(com.samsung.sdraw.x,com.samsung.sdraw.l,com.samsung.sdraw.av) -> a
    java.lang.StringBuilder toXML() -> g
    int getLayerID() -> h
    void setLayerID(int) -> a